
Watching for file changes with StatReloader
"GET / HTTP/1.1" 200 185
Not Found: /favicon.ico
"GET /favicon.ico HTTP/1.1" 404 179
"GET /syuukei/upload/ HTTP/1.1" 200 3539
"GET /syuukei/upload/ HTTP/1.1" 200 3539
Before reading files.
中垣.xlsx
井上.xlsx
倉西.xlsx
吹ノ戸.xlsx
太田.xlsx
宇都宮.xlsx
岡田.xlsx
工数分析 - いじる用.ipynb
工数分析 - 保険1.ipynb
工数分析 - 保険2.ipynb
工数分析.ipynb
戸毛.xlsx
柚木.xlsx
皆己.xlsx
米田.xlsx
集計.xlsx
工数分析-checkpoint.ipynb
Reading file: 中垣.xlsx
Reading file: 井上.xlsx
Reading file: 倉西.xlsx
Reading file: 吹ノ戸.xlsx
Reading file: 太田.xlsx
Reading file: 宇都宮.xlsx
Reading file: 岡田.xlsx
Reading file: 戸毛.xlsx
Reading file: 柚木.xlsx
Reading file: 皆己.xlsx
Reading file: 米田.xlsx
Before writing to Excel.
      年度   月 担当者ｺｰﾄﾞ  担当者略称  作業時間(時間単位)    直接工数    関接工数    関接率
0   2022  12   A9811   柚木一宏      160.50   64.00   96.50   60.1
1   2022  12   B0406   中垣充喜      175.50   77.50   98.00   55.8
2   2022  12   B0412   岡田陽三      199.25  124.00   75.25   37.8
3   2022  12   B0817   戸毛昭仁      202.25   86.50  115.75   57.2
4   2022  12   B1109   米田直樹      170.00   57.00  113.00   66.5
5   2022  12   B1902   皆己正樹      193.50  131.50   62.00   32.0
6   2022  12   B1915  吹ノ戸杏奈      202.00   94.00  108.00   53.5
7   2022  12   B2009   井上俊憲      202.50   53.25  149.25   73.7
8   2022  12   F0689   宇都宮岳      180.75  119.25   61.50   34.0
9   2022  12   F0708   太田尚輝      160.00   76.00   84.00   52.5
10  2023   1   A9811   柚木一宏      138.00   88.00   50.00   36.2
11  2023   1   B0406   中垣充喜      153.00   72.50   80.50   52.6
12  2023   1   B0412   岡田陽三      171.00   41.00  130.00   76.0
13  2023   1   B0817   戸毛昭仁      157.75   96.75   61.00   38.7
14  2023   1   B1109   米田直樹      152.00   80.00   72.00   47.4
15  2023   1   B1504   倉西憲司      165.50   28.50  137.00   82.8
16  2023   1   B1902   皆己正樹      162.50   78.00   84.50   52.0
17  2023   1   B1915  吹ノ戸杏奈      173.00   60.00  113.00   65.3
18  2023   1   B2009   井上俊憲      175.00   82.75   92.25   52.7
19  2023   1   F0689   宇都宮岳      137.75   15.75  122.00   88.6
20  2023   1   F0708   太田尚輝      136.00   50.00   86.00   63.2
21  2023   2   B0412   岡田陽三       80.50   27.00   53.50   66.5
22  2023   2   B1902   皆己正樹      120.50   62.00   58.50   48.5
23  2023   2   B2009   井上俊憲       75.50    6.50   69.00   91.4
24  2023   2   F0689   宇都宮岳       71.00    0.00   71.00  100.0
25  2023   2   F0708   太田尚輝       64.00    4.00   60.00   93.8
"POST /syuukei/upload/ HTTP/1.1" 200 2288
"GET /syuukei/download/ HTTP/1.1" 200 6317
"GET /syuukei/download/ HTTP/1.1" 200 959
"GET /syuukei/upload/ HTTP/1.1" 200 3539
